<?xml version="1.0" encoding="UTF-8"?>
<testsuite name="com.greglturnquist.learningspringboot.LearningSpringBootApplicationTests" tests="1" skipped="0" failures="0" errors="0" timestamp="2022-10-23T11:48:49" hostname="DESKTOP-H1LJC8A" time="0.11">
  <properties/>
  <testcase name="contextLoads" classname="com.greglturnquist.learningspringboot.LearningSpringBootApplicationTests" time="0.11"/>
  <system-out><![CDATA[17:18:46.176 [Test worker] DEBUG org.springframework.test.context.junit4.SpringJUnit4ClassRunner - SpringJUnit4ClassRunner constructor called with [class com.greglturnquist.learningspringboot.LearningSpringBootApplicationTests]
17:18:46.182 [Test worker] DEBUG org.springframework.test.context.BootstrapUtils - Instantiating CacheAwareContextLoaderDelegate from class [org.springframework.test.context.cache.DefaultCacheAwareContextLoaderDelegate]
17:18:46.191 [Test worker] DEBUG org.springframework.test.context.BootstrapUtils - Instantiating BootstrapContext using constructor [public org.springframework.test.context.support.DefaultBootstrapContext(java.lang.Class,org.springframework.test.context.CacheAwareContextLoaderDelegate)]
17:18:46.204 [Test worker] DEBUG org.springframework.test.context.BootstrapUtils - Instantiating TestContextBootstrapper for test class [com.greglturnquist.learningspringboot.LearningSpringBootApplicationTests] from class [org.springframework.boot.test.context.SpringBootTestContextBootstrapper]
17:18:46.216 [Test worker] INFO org.springframework.boot.test.context.SpringBootTestContextBootstrapper - Neither @ContextConfiguration nor @ContextHierarchy found for test class [com.greglturnquist.learningspringboot.LearningSpringBootApplicationTests], using SpringBootContextLoader
17:18:46.221 [Test worker] DEBUG org.springframework.test.context.support.AbstractContextLoader - Did not detect default resource location for test class [com.greglturnquist.learningspringboot.LearningSpringBootApplicationTests]: class path resource [com/greglturnquist/learningspringboot/LearningSpringBootApplicationTests-context.xml] does not exist
17:18:46.221 [Test worker] DEBUG org.springframework.test.context.support.AbstractContextLoader - Did not detect default resource location for test class [com.greglturnquist.learningspringboot.LearningSpringBootApplicationTests]: class path resource [com/greglturnquist/learningspringboot/LearningSpringBootApplicationTestsContext.groovy] does not exist
17:18:46.221 [Test worker] INFO org.springframework.test.context.support.AbstractContextLoader - Could not detect default resource locations for test class [com.greglturnquist.learningspringboot.LearningSpringBootApplicationTests]: no resource found for suffixes {-context.xml, Context.groovy}.
17:18:46.222 [Test worker] INFO org.springframework.test.context.support.AnnotationConfigContextLoaderUtils - Could not detect default configuration classes for test class [com.greglturnquist.learningspringboot.LearningSpringBootApplicationTests]: LearningSpringBootApplicationTests does not declare any static, non-private, non-final, nested classes annotated with @Configuration.
17:18:46.262 [Test worker] DEBUG org.springframework.test.context.support.ActiveProfilesUtils - Could not find an 'annotation declaring class' for annotation type [org.springframework.test.context.ActiveProfiles] and class [com.greglturnquist.learningspringboot.LearningSpringBootApplicationTests]
17:18:46.269 [Test worker] DEBUG org.springframework.core.env.StandardEnvironment - Adding PropertySource 'systemProperties' with lowest search precedence
17:18:46.271 [Test worker] DEBUG org.springframework.core.env.StandardEnvironment - Adding PropertySource 'systemEnvironment' with lowest search precedence
17:18:46.271 [Test worker] DEBUG org.springframework.core.env.StandardEnvironment - Initialized StandardEnvironment with PropertySources [MapPropertySource@950385011 {name='systemProperties', properties={java.runtime.name=OpenJDK Runtime Environment, sun.boot.library.path=C:\Users\Pranav\.jdks\temurin-1.8.0_345\jre\bin, java.vm.version=25.345-b01, java.vm.vendor=Temurin, java.vendor.url=https://adoptium.net/, path.separator=;, java.vm.name=OpenJDK 64-Bit Server VM, file.encoding.pkg=sun.io, user.script=, sun.java.launcher=SUN_STANDARD, user.country=IN, sun.os.patch.level=, java.vm.specification.name=Java Virtual Machine Specification, user.dir=D:\programming\spring\book-spring-boot-2.0\Learning-Spring-Boot-2.0-Second-Edition\Chapter01\part1, java.runtime.version=1.8.0_345-b01, java.awt.graphicsenv=sun.awt.Win32GraphicsEnvironment, java.endorsed.dirs=C:\Users\Pranav\.jdks\temurin-1.8.0_345\jre\lib\endorsed, os.arch=amd64, java.io.tmpdir=C:\Users\Pranav\AppData\Local\Temp\, line.separator=
, java.vm.specification.vendor=Oracle Corporation, user.variant=, os.name=Windows 10, sun.jnu.encoding=Cp1252, java.library.path=C:\Users\Pranav\.jdks\temurin-1.8.0_345\bin;C:\Windows\Sun\Java\bin;C:\Windows\system32;C:\Windows;C:\Program Files\Common Files\Oracle\Java\javapath;C:\Program Files (x86)\Common Files\Oracle\Java\javapath;C:\Users\Pranav\Documents\Visual Studio\Aafter2020\Python\Scripts\;C:\Users\Pranav\Documents\Visual Studio\Aafter2020\Python\;C:\Windows\system32;C:\Windows;C:\Windows\System32\Wbem;C:\Windows\System32\WindowsPowerShell\v1.0\;C:\Windows\System32\OpenSSH\;C:\Program Files (x86)\AOMEI\AOMEI Backupper 6.5.0;C:\Program Files (x86)\dotnet\;C:\Program Files\nodejs\;C:\Program Files\Git\cmd;C:\Users\Pranav\AppData\Local\Programs\Python\Python39\Scripts\;C:\Users\Pranav\AppData\Local\Programs\Python\Python39\;C:\Users\Pranav\AppData\Local\Microsoft\WindowsApps;C:\Users\Pranav\AppData\Local\Programs\Microsoft VS Code\bin;C:\Users\Pranav\AppData\Local\GitHubDesktop\bin;C:\Program Files (x86)\mingw-w64\i686-8.1.0-posix-dwarf-rt_v6-rev0\mingw32\bin;C:\Users\Pranav\AppData\Local\atom\bin;C:\Users\Pranav\AppData\Roaming\npm;., java.specification.name=Java Platform API Specification, java.class.version=52.0, org.gradle.native=false, sun.management.compiler=HotSpot 64-Bit Tiered Compilers, os.version=10.0, user.home=C:\Users\Pranav, user.timezone=Asia/Calcutta, java.awt.printerjob=sun.awt.windows.WPrinterJob, file.encoding=windows-1252, java.specification.version=1.8, java.class.path=D:\programming\spring\book-spring-boot-2.0\Learning-Spring-Boot-2.0-Second-Edition\Chapter01\part1\build\classes\java\test;D:\programming\spring\book-spring-boot-2.0\Learning-Spring-Boot-2.0-Second-Edition\Chapter01\part1\build\resources\test;D:\programming\spring\book-spring-boot-2.0\Learning-Spring-Boot-2.0-Second-Edition\Chapter01\part1\build\classes\java\main;D:\programming\spring\book-spring-boot-2.0\Learning-Spring-Boot-2.0-Second-Edition\Chapter01\part1\build\resources\main;C:\Users\Pranav\.gradle\caches\modules-2\files-2.1\org.springframework.boot\spring-boot-starter-data-mongodb-reactive\2.0.0.M5\8fc8ed224bea46fa30177ed588e022adaab54b7c\spring-boot-starter-data-mongodb-reactive-2.0.0.M5.jar;C:\Users\Pranav\.gradle\caches\modules-2\files-2.1\org.springframework.boot\spring-boot-starter-thymeleaf\2.0.0.M5\acb11420e4cb7867056f648a8ff607288db4ad1d\spring-boot-starter-thymeleaf-2.0.0.M5.jar;C:\Users\Pranav\.gradle\caches\modules-2\files-2.1\org.springframework.boot\spring-boot-starter-webflux\2.0.0.M5\f13a0a616b4ef2710feb050b03104818b3febb76\spring-boot-starter-webflux-2.0.0.M5.jar;C:\Users\Pranav\.gradle\caches\modules-2\files-2.1\org.projectlombok\lombok\1.16.18\557d13dcb647038dc687390711ccb5c9b3ffbd60\lombok-1.16.18.jar;C:\Users\Pranav\.gradle\caches\modules-2\files-2.1\de.flapdoodle.embed\de.flapdoodle.embed.mongo\2.0.0\a2a38b016f42e82ba5842287c71132b328fea60f\de.flapdoodle.embed.mongo-2.0.0.jar;C:\Users\Pranav\.gradle\caches\modules-2\files-2.1\org.springframework.boot\spring-boot-starter-test\2.0.0.M5\99cf8b580f1b164faec0ec45d465fd1a8e4c2904\spring-boot-starter-test-2.0.0.M5.jar;C:\Users\Pranav\.gradle\caches\modules-2\files-2.1\org.springframework.boot\spring-boot-starter-json\2.0.0.M5\b9a48a0ea21bce60a71011f85e4494b70e0f1f03\spring-boot-starter-json-2.0.0.M5.jar;C:\Users\Pranav\.gradle\caches\modules-2\files-2.1\org.springframework.boot\spring-boot-starter\2.0.0.M5\43635ad065765d9e9bfdbf7009d8961e1d852a4c\spring-boot-starter-2.0.0.M5.jar;C:\Users\Pranav\.gradle\caches\modules-2\files-2.1\org.springframework.data\spring-data-mongodb\2.0.0.RELEASE\df929fd06e74f0f4751a99883403e0487ea3431b\spring-data-mongodb-2.0.0.RELEASE.jar;C:\Users\Pranav\.gradle\caches\modules-2\files-2.1\org.mongodb\mongodb-driver\3.5.0\9d6e31e3073aa8c999ba609aa76185e46f226bdb\mongodb-driver-3.5.0.jar;C:\Users\Pranav\.gradle\caches\modules-2\files-2.1\org.mongodb\mongodb-driver-reactivestreams\1.6.0\b1aa90e18b3d78c9514cb98277de3107350221ff\mongodb-driver-reactivestreams-1.6.0.jar;C:\Users\Pranav\.gradle\caches\modules-2\files-2.1\org.mongodb\mongodb-driver-async\3.5.0\a5aa49e9aceded0e0c05d406e0a5e1ce924a70fc\mongodb-driver-async-3.5.0.jar;C:\Users\Pranav\.gradle\caches\modules-2\files-2.1\org.springframework\spring-webflux\5.0.0.RELEASE\fa220fc82bc29c40f534fc1c568b778f7cac6051\spring-webflux-5.0.0.RELEASE.jar;C:\Users\Pranav\.gradle\caches\modules-2\files-2.1\org.springframework.boot\spring-boot-starter-reactor-netty\2.0.0.M5\69a91b065abe884b77c41a69f5dade263a353e8a\spring-boot-starter-reactor-netty-2.0.0.M5.jar;C:\Users\Pranav\.gradle\caches\modules-2\files-2.1\io.projectreactor.ipc\reactor-netty\0.7.0.RELEASE\2b5e0b008358a47c4b15c4215b76a5f7e5bd7ccb\reactor-netty-0.7.0.RELEASE.jar;C:\Users\Pranav\.gradle\caches\modules-2\files-2.1\io.projectreactor\reactor-core\3.1.0.RELEASE\f584a224eb7059a9a4284920b46ce7113bc5a2f3\reactor-core-3.1.0.RELEASE.jar;C:\Users\Pranav\.gradle\caches\modules-2\files-2.1\org.thymeleaf\thymeleaf-spring5\3.0.8.RELEASE\7157ef59652cc8d0a0142f8e8a3b621bf5879560\thymeleaf-spring5-3.0.8.RELEASE.jar;C:\Users\Pranav\.gradle\caches\modules-2\files-2.1\org.thymeleaf.extras\thymeleaf-extras-java8time\3.0.1.RELEASE\d23760d1e53cd70c489ef40dc94ee6bd2371cceb\thymeleaf-extras-java8time-3.0.1.RELEASE.jar;C:\Users\Pranav\.gradle\caches\modules-2\files-2.1\org.hibernate.validator\hibernate-validator\6.0.2.Final\41c0d6a3ce1298b09a9ddb944bd251c8d1345b5c\hibernate-validator-6.0.2.Final.jar;C:\Users\Pranav\.gradle\caches\modules-2\files-2.1\org.springframework\spring-web\5.0.0.RELEASE\f5c2d9d5668534c308a1ca4eda070cd01320af65\spring-web-5.0.0.RELEASE.jar;C:\Users\Pranav\.gradle\caches\modules-2\files-2.1\org.synchronoss.cloud\nio-multipart-parser\1.1.0\c6c417fec6612584b1c34d4dd98c5a4e47e8c754\nio-multipart-parser-1.1.0.jar;C:\Users\Pranav\.gradle\caches\modules-2\files-2.1\de.flapdoodle.embed\de.flapdoodle.embed.process\2.0.1\116a63e9f0f498b2375f4f6e7cd9e2fd8abe9a5f\de.flapdoodle.embed.process-2.0.1.jar;C:\Users\Pranav\.gradle\caches\modules-2\files-2.1\org.springframework.boot\spring-boot-test-autoconfigure\2.0.0.M5\7b249ede1134de624ccac65833d8bc9d30bc07ce\spring-boot-test-autoconfigure-2.0.0.M5.jar;C:\Users\Pranav\.gradle\caches\modules-2\files-2.1\org.springframework.boot\spring-boot-test\2.0.0.M5\2851cc485015f560d11054013fa77b39829c08a\spring-boot-test-2.0.0.M5.jar;C:\Users\Pranav\.gradle\caches\modules-2\files-2.1\com.jayway.jsonpath\json-path\2.4.0\765a4401ceb2dc8d40553c2075eb80a8fa35c2ae\json-path-2.4.0.jar;C:\Users\Pranav\.gradle\caches\modules-2\files-2.1\junit\junit\4.12\2973d150c0dc1fefe998f834810d68f278ea58ec\junit-4.12.jar;C:\Users\Pranav\.gradle\caches\modules-2\files-2.1\org.assertj\assertj-core\3.8.0\b209d90ff2e279bee3e02547ee7b11349c52d0e3\assertj-core-3.8.0.jar;C:\Users\Pranav\.gradle\caches\modules-2\files-2.1\org.mockito\mockito-core\2.10.0\871efe6f2607d8c93dd25b8c1fa09851d4286dd6\mockito-core-2.10.0.jar;C:\Users\Pranav\.gradle\caches\modules-2\files-2.1\org.hamcrest\hamcrest-library\1.3\4785a3c21320980282f9f33d0d1264a69040538f\hamcrest-library-1.3.jar;C:\Users\Pranav\.gradle\caches\modules-2\files-2.1\org.hamcrest\hamcrest-core\1.3\42a25dc3219429f0e5d060061f71acb49bf010a0\hamcrest-core-1.3.jar;C:\Users\Pranav\.gradle\caches\modules-2\files-2.1\org.skyscreamer\jsonassert\1.5.0\6c9d5fe2f59da598d9aefc1cfc6528ff3cf32df3\jsonassert-1.5.0.jar;C:\Users\Pranav\.gradle\caches\modules-2\files-2.1\org.springframework\spring-test\5.0.0.RELEASE\f39db690694a902197866df3c89ac277605b63c4\spring-test-5.0.0.RELEASE.jar;C:\Users\Pranav\.gradle\caches\modules-2\files-2.1\org.springframework.boot\spring-boot-autoconfigure\2.0.0.M5\975d5afb6a8dee42650842c5821d905657747bbc\spring-boot-autoconfigure-2.0.0.M5.jar;C:\Users\Pranav\.gradle\caches\modules-2\files-2.1\org.springframework.boot\spring-boot\2.0.0.M5\31de735c7a77fa2961185d48ce66570d74f656ae\spring-boot-2.0.0.M5.jar;C:\Users\Pranav\.gradle\caches\modules-2\files-2.1\org.springframework\spring-tx\5.0.0.RELEASE\359eb5245c54257085b9eb2fc11c68dde3325d7\spring-tx-5.0.0.RELEASE.jar;C:\Users\Pranav\.gradle\caches\modules-2\files-2.1\org.springframework\spring-context\5.0.0.RELEASE\bf5165fcd47f582f9addcd2a41424b08ea00d880\spring-context-5.0.0.RELEASE.jar;C:\Users\Pranav\.gradle\caches\modules-2\files-2.1\org.springframework.data\spring-data-commons\2.0.0.RELEASE\b97dad2d501c2baf49b497733bb19f7a05d52142\spring-data-commons-2.0.0.RELEASE.jar;C:\Users\Pranav\.gradle\caches\modules-2\files-2.1\org.springframework\spring-aop\5.0.0.RELEASE\717d06b89e32f51f329094f709662f8414c0843f\spring-aop-5.0.0.RELEASE.jar;C:\Users\Pranav\.gradle\caches\modules-2\files-2.1\org.springframework\spring-beans\5.0.0.RELEASE\6f95f071cfe29a84661648e5445dcb054be0cfa7\spring-beans-5.0.0.RELEASE.jar;C:\Users\Pranav\.gradle\caches\modules-2\files-2.1\org.springframework\spring-expression\5.0.0.RELEASE\48cdf1b2ea2a510c731e5e08f75299e3cb8e9d68\spring-expression-5.0.0.RELEASE.jar;C:\Users\Pranav\.gradle\caches\modules-2\files-2.1\org.springframework\spring-core\5.0.0.RELEASE\3a9bb910e8943b5ef59b193a1621daba46456ca9\spring-core-5.0.0.RELEASE.jar;C:\Users\Pranav\.gradle\caches\modules-2\files-2.1\org.xmlunit\xmlunit-core\2.5.0\7464e446df1051ac5196ffd2c28ee903a1104133\xmlunit-core-2.5.0.jar;C:\Users\Pranav\.gradle\caches\modules-2\files-2.1\org.springframework.boot\spring-boot-starter-logging\2.0.0.M5\ed3e13b588ee8ec5b43b4bbc9f9880a412c4b026\spring-boot-starter-logging-2.0.0.M5.jar;C:\Users\Pranav\.gradle\caches\modules-2\files-2.1\javax.annotation\javax.annotation-api\1.3.1\20a2c0583598d68b0835474bbe07792d4f3b219f\javax.annotation-api-1.3.1.jar;C:\Users\Pranav\.gradle\caches\modules-2\files-2.1\org.yaml\snakeyaml\1.18\e4a441249ade301985cb8d009d4e4a72b85bf68e\snakeyaml-1.18.jar;C:\Users\Pranav\.gradle\caches\modules-2\files-2.1\org.thymeleaf\thymeleaf\3.0.8.RELEASE\fdd02412f93a58eb5d86fe982702d07eb56df7b7\thymeleaf-3.0.8.RELEASE.jar;C:\Users\Pranav\.gradle\caches\modules-2\files-2.1\org.synchronoss.cloud\nio-stream-storage\1.1.3\986dba5f6e5eed20f0dba6ddc8e8a64a9ebdc2f3\nio-stream-storage-1.1.3.jar;C:\Users\Pranav\.gradle\caches\modules-2\files-2.1\ch.qos.logback\logback-classic\1.2.3\7c4f3c474fb2c041d8028740440937705ebb473a\logback-classic-1.2.3.jar;C:\Users\Pranav\.gradle\caches\modules-2\files-2.1\org.slf4j\jul-to-slf4j\1.7.25\af5364cd6679bfffb114f0dec8a157aaa283b76\jul-to-slf4j-1.7.25.jar;C:\Users\Pranav\.gradle\caches\modules-2\files-2.1\org.slf4j\log4j-over-slf4j\1.7.25\a87bb47468f47ee7aabbd54f93e133d4215769c3\log4j-over-slf4j-1.7.25.jar;C:\Users\Pranav\.gradle\caches\modules-2\files-2.1\org.slf4j\slf4j-api\1.7.25\da76ca59f6a57ee3102f8f9bd9cee742973efa8a\slf4j-api-1.7.25.jar;C:\Users\Pranav\.gradle\caches\modules-2\files-2.1\org.mongodb\mongodb-driver-core\3.5.0\968cbc3dffd79cae1136f751079ad39315d09d99\mongodb-driver-core-3.5.0.jar;C:\Users\Pranav\.gradle\caches\modules-2\files-2.1\org.mongodb\bson\3.5.0\b639bed341c069622c39f14c5ad5bd42b4655337\bson-3.5.0.jar;C:\Users\Pranav\.gradle\caches\modules-2\files-2.1\org.reactivestreams\reactive-streams\1.0.1\1b1c911686eb40179219466e6a59b634b9d7a748\reactive-streams-1.0.1.jar;C:\Users\Pranav\.gradle\caches\modules-2\files-2.1\com.fasterxml.jackson.datatype\jackson-datatype-jdk8\2.9.1\dc5c9b4349c1c18388aa1ec5a9264e6893b732a8\jackson-datatype-jdk8-2.9.1.jar;C:\Users\Pranav\.gradle\caches\modules-2\files-2.1\com.fasterxml.jackson.datatype\jackson-datatype-jsr310\2.9.1\dbac0f60c8ea8c6e6cc6a761c0d8f300296fcf3d\jackson-datatype-jsr310-2.9.1.jar;C:\Users\Pranav\.gradle\caches\modules-2\files-2.1\com.fasterxml.jackson.module\jackson-module-parameter-names\2.9.1\df51ae82d0878f62f7bdcbd47d423e3cde04b3ef\jackson-module-parameter-names-2.9.1.jar;C:\Users\Pranav\.gradle\caches\modules-2\files-2.1\com.fasterxml.jackson.module\jackson-module-kotlin\2.9.1\cf37d75de23b87a664ea0b497b04fc601a783f2a\jackson-module-kotlin-2.9.1.jar;C:\Users\Pranav\.gradle\caches\modules-2\files-2.1\com.fasterxml.jackson.core\jackson-databind\2.9.1\716da1830a2043f18882fc036ec26eb32cbe5aff\jackson-databind-2.9.1.jar;C:\Users\Pranav\.gradle\caches\modules-2\files-2.1\javax.validation\validation-api\2.0.0.Final\4a7ff48084bd336c4de1f79f027f6f77badf399e\validation-api-2.0.0.Final.jar;C:\Users\Pranav\.gradle\caches\modules-2\files-2.1\org.jboss.logging\jboss-logging\3.3.1.Final\c46217ab74b532568c0ed31dc599db3048bd1b67\jboss-logging-3.3.1.Final.jar;C:\Users\Pranav\.gradle\caches\modules-2\files-2.1\com.fasterxml\classmate\1.3.4\3d5f48f10bbe4eb7bd862f10c0583be2e0053c6\classmate-1.3.4.jar;C:\Users\Pranav\.gradle\caches\modules-2\files-2.1\commons-io\commons-io\2.4\b1b6ea3b7e4aa4f492509a4952029cd8e48019ad\commons-io-2.4.jar;C:\Users\Pranav\.gradle\caches\modules-2\files-2.1\org.apache.commons\commons-lang3\3.6\9d28a6b23650e8a7e9063c04588ace6cf7012c17\commons-lang3-3.6.jar;C:\Users\Pranav\.gradle\caches\modules-2\files-2.1\net.java.dev.jna\jna-platform\4.5.0\ab163522ed76eb01c8c9a750dedacb134fc8c0\jna-platform-4.5.0.jar;C:\Users\Pranav\.gradle\caches\modules-2\files-2.1\net.java.dev.jna\jna\4.5.0\55b548d3195efc5280bf1c3f17b49659c54dee40\jna-4.5.0.jar;C:\Users\Pranav\.gradle\caches\modules-2\files-2.1\org.apache.commons\commons-compress\1.10\5eeb27c57eece1faf2d837868aeccc94d84dcc9a\commons-compress-1.10.jar;C:\Users\Pranav\.gradle\caches\modules-2\files-2.1\net.minidev\json-smart\2.3\7396407491352ce4fa30de92efb158adb76b5b\json-smart-2.3.jar;C:\Users\Pranav\.gradle\caches\modules-2\files-2.1\net.bytebuddy\byte-buddy\1.7.6\f79a6ca612ed13038efedbbba1ead83b8d6fe7ec\byte-buddy-1.7.6.jar;C:\Users\Pranav\.gradle\caches\modules-2\files-2.1\net.bytebuddy\byte-buddy-agent\1.7.6\e863f5ab595f480f42d641f22935437e679d4beb\byte-buddy-agent-1.7.6.jar;C:\Users\Pranav\.gradle\caches\modules-2\files-2.1\org.objenesis\objenesis\2.6\639033469776fd37c08358c6b92a4761feb2af4b\objenesis-2.6.jar;C:\Users\Pranav\.gradle\caches\modules-2\files-2.1\com.vaadin.external.google\android-json\0.0.20131108.vaadin1\fa26d351fe62a6a17f5cda1287c1c6110dec413f\android-json-0.0.20131108.vaadin1.jar;C:\Users\Pranav\.gradle\caches\modules-2\files-2.1\org.springframework\spring-jcl\5.0.0.RELEASE\ab0a2114cab7b9e04adf79d812c714f3cbf4abf7\spring-jcl-5.0.0.RELEASE.jar;C:\Users\Pranav\.gradle\caches\modules-2\files-2.1\org.attoparser\attoparser\2.0.4.RELEASE\5cf02c4d8303a81f0c80971bb1dcd40d3ba96009\attoparser-2.0.4.RELEASE.jar;C:\Users\Pranav\.gradle\caches\modules-2\files-2.1\org.unbescape\unbescape\1.1.5.RELEASE\46dc644ea9c234317d926ebac5bf5d8f114dc1ba\unbescape-1.1.5.RELEASE.jar;C:\Users\Pranav\.gradle\caches\modules-2\files-2.1\com.fasterxml.jackson.core\jackson-annotations\2.9.0\7c10d545325e3a6e72e06381afe469fd40eb701\jackson-annotations-2.9.0.jar;C:\Users\Pranav\.gradle\caches\modules-2\files-2.1\com.fasterxml.jackson.core\jackson-core\2.9.1\60077fe98b11e4e7cf8af9b20609326a166d6ac4\jackson-core-2.9.1.jar;C:\Users\Pranav\.gradle\caches\modules-2\files-2.1\io.netty\netty-handler-proxy\4.1.16.Final\e3007ed3368748ccdc35c1f38c7d6c089768373a\netty-handler-proxy-4.1.16.Final.jar;C:\Users\Pranav\.gradle\caches\modules-2\files-2.1\io.netty\netty-codec-http\4.1.16.Final\d64312378b438dfdad84267c599a053327c6f02a\netty-codec-http-4.1.16.Final.jar;C:\Users\Pranav\.gradle\caches\modules-2\files-2.1\io.netty\netty-handler\4.1.16.Final\fec0e63e7dd7f4eeef7ea8dc47a1ff32dfc7ebc2\netty-handler-4.1.16.Final.jar;C:\Users\Pranav\.gradle\caches\modules-2\files-2.1\io.netty\netty-transport-native-epoll\4.1.16.Final\d3d29837ecb6dc549cc37f9daf6b14bc6cd6c898\netty-transport-native-epoll-4.1.16.Final.jar;C:\Users\Pranav\.gradle\caches\modules-2\files-2.1\net.minidev\accessors-smart\1.2\c592b500269bfde36096641b01238a8350f8aa31\accessors-smart-1.2.jar;C:\Users\Pranav\.gradle\caches\modules-2\files-2.1\ch.qos.logback\logback-core\1.2.3\864344400c3d4d92dfeb0a305dc87d953677c03c\logback-core-1.2.3.jar;C:\Users\Pranav\.gradle\caches\modules-2\files-2.1\io.netty\netty-codec-socks\4.1.16.Final\f42aabfb1dcae4eaf1700f2c2d047eab3c1b8523\netty-codec-socks-4.1.16.Final.jar;C:\Users\Pranav\.gradle\caches\modules-2\files-2.1\io.netty\netty-codec\4.1.16.Final\d84a1f21768b7309c2954521cf5a1f46c2309eb1\netty-codec-4.1.16.Final.jar;C:\Users\Pranav\.gradle\caches\modules-2\files-2.1\io.netty\netty-transport-native-unix-common\4.1.16.Final\8acbda23f39f60478bb73ea7c86e9fe121c13f7b\netty-transport-native-unix-common-4.1.16.Final.jar;C:\Users\Pranav\.gradle\caches\modules-2\files-2.1\io.netty\netty-transport\4.1.16.Final\3c8ee2c4d4a1cbb947a5c184c7aeb2204260958b\netty-transport-4.1.16.Final.jar;C:\Users\Pranav\.gradle\caches\modules-2\files-2.1\io.netty\netty-buffer\4.1.16.Final\63b5fa95c74785e16f2c30ce268bc222e35c8cb5\netty-buffer-4.1.16.Final.jar;C:\Users\Pranav\.gradle\caches\modules-2\files-2.1\io.netty\netty-resolver\4.1.16.Final\f6eb553b53fb3a90a8ac1170697093fed82eae28\netty-resolver-4.1.16.Final.jar;C:\Users\Pranav\.gradle\caches\modules-2\files-2.1\io.netty\netty-common\4.1.16.Final\177a6b30cca92f6f5f9873c9befd681377a4c328\netty-common-4.1.16.Final.jar;C:\Users\Pranav\.gradle\caches\modules-2\files-2.1\org.ow2.asm\asm\5.0.4\da08b8cce7bbf903602a25a3a163ae252435795\asm-5.0.4.jar, user.name=Pranav, java.vm.specification.version=1.8, sun.java.command=worker.org.gradle.process.internal.worker.GradleWorkerMain 'Gradle Test Executor 1', java.home=C:\Users\Pranav\.jdks\temurin-1.8.0_345\jre, sun.arch.data.model=64, user.language=en, java.specification.vendor=Oracle Corporation, awt.toolkit=sun.awt.windows.WToolkit, java.vm.info=mixed mode, java.version=1.8.0_345, java.ext.dirs=C:\Users\Pranav\.jdks\temurin-1.8.0_345\jre\lib\ext;C:\Windows\Sun\Java\lib\ext, sun.boot.class.path=C:\Users\Pranav\.jdks\temurin-1.8.0_345\jre\lib\resources.jar;C:\Users\Pranav\.jdks\temurin-1.8.0_345\jre\lib\rt.jar;C:\Users\Pranav\.jdks\temurin-1.8.0_345\jre\lib\sunrsasign.jar;C:\Users\Pranav\.jdks\temurin-1.8.0_345\jre\lib\jsse.jar;C:\Users\Pranav\.jdks\temurin-1.8.0_345\jre\lib\jce.jar;C:\Users\Pranav\.jdks\temurin-1.8.0_345\jre\lib\charsets.jar;C:\Users\Pranav\.jdks\temurin-1.8.0_345\jre\lib\jfr.jar;C:\Users\Pranav\.jdks\temurin-1.8.0_345\jre\classes, java.vendor=Temurin, org.gradle.test.worker=1, file.separator=\, java.vendor.url.bug=https://github.com/adoptium/adoptium-support/issues, sun.io.unicode.encoding=UnicodeLittle, sun.cpu.endian=little, sun.desktop=windows, sun.cpu.isalist=amd64}}, SystemEnvironmentPropertySource@1597976448 {name='systemEnvironment', properties={USERDOMAIN_ROAMINGPROFILE=DESKTOP-H1LJC8A, LOCALAPPDATA=C:\Users\Pranav\AppData\Local, PROCESSOR_LEVEL=23, USERDOMAIN=DESKTOP-H1LJC8A, FPS_BROWSER_APP_PROFILE_STRING=Internet Explorer, LOGONSERVER=\\DESKTOP-H1LJC8A, SESSIONNAME=Console, ALLUSERSPROFILE=C:\ProgramData, PROCESSOR_ARCHITECTURE=AMD64, PSModulePath=C:\Program Files\WindowsPowerShell\Modules;C:\Windows\system32\WindowsPowerShell\v1.0\Modules, SystemDrive=C:, asl.log=Destination=file, OneDrive=C:\Users\Pranav\OneDrive, APPDATA=C:\Users\Pranav\AppData\Roaming, VBOX_HWVIRTEX_IGNORE_SVM_IN_USE=1, USERNAME=Pranav, PDA_BASE_DIR=C:\SpeedPro Starter\SpeedPro Starter.exe, ProgramFiles(x86)=C:\Program Files (x86), DokanLibrary1=C:\Program Files\Dokan\Dokan Library-1.3.0\, DokanLibrary1_LibraryPath_x64=C:\Program Files\Dokan\Dokan Library-1.3.0\lib\, DokanLibrary1_LibraryPath_x86=C:\Program Files\Dokan\Dokan Library-1.3.0\x86\lib\, CommonProgramFiles=C:\Program Files\Common Files, Path=C:\Program Files\Common Files\Oracle\Java\javapath;C:\Program Files (x86)\Common Files\Oracle\Java\javapath;C:\Users\Pranav\Documents\Visual Studio\Aafter2020\Python\Scripts\;C:\Users\Pranav\Documents\Visual Studio\Aafter2020\Python\;C:\Windows\system32;C:\Windows;C:\Windows\System32\Wbem;C:\Windows\System32\WindowsPowerShell\v1.0\;C:\Windows\System32\OpenSSH\;C:\Program Files (x86)\AOMEI\AOMEI Backupper 6.5.0;C:\Program Files (x86)\dotnet\;C:\Program Files\nodejs\;C:\Program Files\Git\cmd;C:\Users\Pranav\AppData\Local\Programs\Python\Python39\Scripts\;C:\Users\Pranav\AppData\Local\Programs\Python\Python39\;C:\Users\Pranav\AppData\Local\Microsoft\WindowsApps;C:\Users\Pranav\AppData\Local\Programs\Microsoft VS Code\bin;C:\Users\Pranav\AppData\Local\GitHubDesktop\bin;C:\Program Files (x86)\mingw-w64\i686-8.1.0-posix-dwarf-rt_v6-rev0\mingw32\bin;C:\Users\Pranav\AppData\Local\atom\bin;C:\Users\Pranav\AppData\Roaming\npm, FPS_BROWSER_USER_PROFILE_STRING=Default, PATHEXT=.COM;.EXE;.BAT;.CMD;.VBS;.VBE;.JS;.JSE;.WSF;.WSH;.MSC, DriverData=C:\Windows\System32\Drivers\DriverData, OS=Windows_NT, OneDriveConsumer=C:\Users\Pranav\OneDrive, COMPUTERNAME=DESKTOP-H1LJC8A, PROCESSOR_REVISION=1801, CommonProgramW6432=C:\Program Files\Common Files, ComSpec=C:\Windows\system32\cmd.exe, ProgramData=C:\ProgramData, ProgramW6432=C:\Program Files, HOMEPATH=\Users\Pranav, SystemRoot=C:\Windows, TEMP=C:\Users\Pranav\AppData\Local\Temp, HOMEDRIVE=C:, PROCESSOR_IDENTIFIER=AMD64 Family 23 Model 24 Stepping 1, AuthenticAMD, USERPROFILE=C:\Users\Pranav, TMP=C:\Users\Pranav\AppData\Local\Temp, CommonProgramFiles(x86)=C:\Program Files (x86)\Common Files, ProgramFiles=C:\Program Files, PUBLIC=C:\Users\Public, NUMBER_OF_PROCESSORS=4, windir=C:\Windows, =::=::\, IDEA_INITIAL_DIRECTORY=C:\Program Files\JetBrains\IntelliJ IDEA Community Edition 2022.2.1\bin}}]
17:18:46.287 [Test worker] DEBUG org.springframework.core.io.support.PathMatchingResourcePatternResolver - Resolved classpath location [com/greglturnquist/learningspringboot/] to resources [URL [file:/D:/programming/spring/book-spring-boot-2.0/Learning-Spring-Boot-2.0-Second-Edition/Chapter01/part1/build/classes/java/test/com/greglturnquist/learningspringboot/], URL [file:/D:/programming/spring/book-spring-boot-2.0/Learning-Spring-Boot-2.0-Second-Edition/Chapter01/part1/build/classes/java/main/com/greglturnquist/learningspringboot/]]
17:18:46.287 [Test worker] DEBUG org.springframework.core.io.support.PathMatchingResourcePatternResolver - Looking for matching resources in directory tree [D:\programming\spring\book-spring-boot-2.0\Learning-Spring-Boot-2.0-Second-Edition\Chapter01\part1\build\classes\java\test\com\greglturnquist\learningspringboot]
17:18:46.287 [Test worker] DEBUG org.springframework.core.io.support.PathMatchingResourcePatternResolver - Searching directory [D:\programming\spring\book-spring-boot-2.0\Learning-Spring-Boot-2.0-Second-Edition\Chapter01\part1\build\classes\java\test\com\greglturnquist\learningspringboot] for files matching pattern [D:/programming/spring/book-spring-boot-2.0/Learning-Spring-Boot-2.0-Second-Edition/Chapter01/part1/build/classes/java/test/com/greglturnquist/learningspringboot/*.class]
17:18:46.290 [Test worker] DEBUG org.springframework.core.io.support.PathMatchingResourcePatternResolver - Looking for matching resources in directory tree [D:\programming\spring\book-spring-boot-2.0\Learning-Spring-Boot-2.0-Second-Edition\Chapter01\part1\build\classes\java\main\com\greglturnquist\learningspringboot]
17:18:46.290 [Test worker] DEBUG org.springframework.core.io.support.PathMatchingResourcePatternResolver - Searching directory [D:\programming\spring\book-spring-boot-2.0\Learning-Spring-Boot-2.0-Second-Edition\Chapter01\part1\build\classes\java\main\com\greglturnquist\learningspringboot] for files matching pattern [D:/programming/spring/book-spring-boot-2.0/Learning-Spring-Boot-2.0-Second-Edition/Chapter01/part1/build/classes/java/main/com/greglturnquist/learningspringboot/*.class]
17:18:46.292 [Test worker] DEBUG org.springframework.core.io.support.PathMatchingResourcePatternResolver - Resolved location pattern [classpath*:com/greglturnquist/learningspringboot/*.class] to resources [file [D:\programming\spring\book-spring-boot-2.0\Learning-Spring-Boot-2.0-Second-Edition\Chapter01\part1\build\classes\java\test\com\greglturnquist\learningspringboot\LearningSpringBootApplicationTests.class], file [D:\programming\spring\book-spring-boot-2.0\Learning-Spring-Boot-2.0-Second-Edition\Chapter01\part1\build\classes\java\main\com\greglturnquist\learningspringboot\Chapter.class], file [D:\programming\spring\book-spring-boot-2.0\Learning-Spring-Boot-2.0-Second-Edition\Chapter01\part1\build\classes\java\main\com\greglturnquist\learningspringboot\ChapterController.class], file [D:\programming\spring\book-spring-boot-2.0\Learning-Spring-Boot-2.0-Second-Edition\Chapter01\part1\build\classes\java\main\com\greglturnquist\learningspringboot\ChapterRepository.class], file [D:\programming\spring\book-spring-boot-2.0\Learning-Spring-Boot-2.0-Second-Edition\Chapter01\part1\build\classes\java\main\com\greglturnquist\learningspringboot\HomeController.class], file [D:\programming\spring\book-spring-boot-2.0\Learning-Spring-Boot-2.0-Second-Edition\Chapter01\part1\build\classes\java\main\com\greglturnquist\learningspringboot\LearningSpringBootApplication.class], file [D:\programming\spring\book-spring-boot-2.0\Learning-Spring-Boot-2.0-Second-Edition\Chapter01\part1\build\classes\java\main\com\greglturnquist\learningspringboot\LoadDatabase.class]]
17:18:46.365 [Test worker] DEBUG org.springframework.context.annotation.ClassPathScanningCandidateComponentProvider - Identified candidate component class: file [D:\programming\spring\book-spring-boot-2.0\Learning-Spring-Boot-2.0-Second-Edition\Chapter01\part1\build\classes\java\main\com\greglturnquist\learningspringboot\LearningSpringBootApplication.class]
17:18:46.372 [Test worker] INFO org.springframework.boot.test.context.SpringBootTestContextBootstrapper - Found @SpringBootConfiguration com.greglturnquist.learningspringboot.LearningSpringBootApplication for test class com.greglturnquist.learningspringboot.LearningSpringBootApplicationTests
17:18:46.485 [Test worker] DEBUG org.springframework.boot.test.context.SpringBootTestContextBootstrapper - @TestExecutionListeners is not present for class [com.greglturnquist.learningspringboot.LearningSpringBootApplicationTests]: using defaults.
17:18:46.486 [Test worker] INFO org.springframework.boot.test.context.SpringBootTestContextBootstrapper - Loaded default TestExecutionListener class names from location [META-INF/spring.factories]: [org.springframework.boot.test.autoconfigure.restdocs.RestDocsTestExecutionListener, org.springframework.boot.test.autoconfigure.web.client.MockRestServiceServerResetTestExecutionListener, org.springframework.boot.test.autoconfigure.web.servlet.MockMvcPrintOnlyOnFailureTestExecutionListener, org.springframework.boot.test.autoconfigure.web.servlet.WebDriverTestExecutionListener, org.springframework.boot.test.mock.mockito.MockitoTestExecutionListener, org.springframework.boot.test.mock.mockito.ResetMocksTestExecutionListener, org.springframework.test.context.web.ServletTestExecutionListener, org.springframework.test.context.support.DirtiesContextBeforeModesTestExecutionListener, org.springframework.test.context.support.DependencyInjectionTestExecutionListener, org.springframework.test.context.support.DirtiesContextTestExecutionListener, org.springframework.test.context.transaction.TransactionalTestExecutionListener, org.springframework.test.context.jdbc.SqlScriptsTestExecutionListener]
17:18:46.587 [Test worker] INFO org.springframework.boot.test.context.SpringBootTestContextBootstrapper - Could not instantiate TestExecutionListener [org.springframework.test.context.web.ServletTestExecutionListener]. Specify custom listener classes or make the default listener classes (and their required dependencies) available. Offending class: [javax/servlet/ServletContext]
17:18:46.587 [Test worker] INFO org.springframework.boot.test.context.SpringBootTestContextBootstrapper - Using TestExecutionListeners: [org.springframework.test.context.support.DirtiesContextBeforeModesTestExecutionListener@61eaf8c5, org.springframework.boot.test.autoconfigure.SpringBootDependencyInjectionTestExecutionListener@b684f20, org.springframework.test.context.support.DirtiesContextTestExecutionListener@3577c203, org.springframework.test.context.transaction.TransactionalTestExecutionListener@54c2b17c, org.springframework.test.context.jdbc.SqlScriptsTestExecutionListener@625857f1, org.springframework.boot.test.autoconfigure.restdocs.RestDocsTestExecutionListener@2b0005d5, org.springframework.boot.test.autoconfigure.web.servlet.WebDriverTestExecutionListener@20ecbd6c, org.springframework.boot.test.mock.mockito.MockitoTestExecutionListener@6164b15c, org.springframework.boot.test.mock.mockito.ResetMocksTestExecutionListener@4123855e, org.springframework.boot.test.autoconfigure.web.servlet.MockMvcPrintOnlyOnFailureTestExecutionListener@6a261e02, org.springframework.boot.test.autoconfigure.web.client.MockRestServiceServerResetTestExecutionListener@2fe4d9f7]
17:18:46.589 [Test worker] DEBUG org.springframework.test.annotation.ProfileValueUtils - Retrieved @ProfileValueSourceConfiguration [null] for test class [com.greglturnquist.learningspringboot.LearningSpringBootApplicationTests]
17:18:46.590 [Test worker] DEBUG org.springframework.test.annotation.ProfileValueUtils - Retrieved ProfileValueSource type [class org.springframework.test.annotation.SystemProfileValueSource] for class [com.greglturnquist.learningspringboot.LearningSpringBootApplicationTests]
17:18:46.591 [Test worker] DEBUG org.springframework.test.annotation.ProfileValueUtils - Retrieved @ProfileValueSourceConfiguration [null] for test class [com.greglturnquist.learningspringboot.LearningSpringBootApplicationTests]
17:18:46.591 [Test worker] DEBUG org.springframework.test.annotation.ProfileValueUtils - Retrieved ProfileValueSource type [class org.springframework.test.annotation.SystemProfileValueSource] for class [com.greglturnquist.learningspringboot.LearningSpringBootApplicationTests]
17:18:46.596 [Test worker] DEBUG org.springframework.test.context.support.AbstractDirtiesContextTestExecutionListener - Before test class: context [DefaultTestContext@62622b85 testClass = LearningSpringBootApplicationTests, testInstance = [null], testMethod = [null], testException = [null], mergedContextConfiguration = [ReactiveWebMergedContextConfiguration@3e8bff73 testClass = LearningSpringBootApplicationTests, locations = '{}', classes = '{class com.greglturnquist.learningspringboot.LearningSpringBootApplication}', contextInitializerClasses = '[]', activeProfiles = '{}', propertySourceLocations = '{}', propertySourceProperties = '{org.springframework.boot.test.context.SpringBootTestContextBootstrapper=true}', contextCustomizers = set[org.springframework.boot.test.autoconfigure.properties.PropertyMappingContextCustomizer@0, org.springframework.boot.test.autoconfigure.web.servlet.WebDriverContextCustomizerFactory$Customizer@21c4b34e, org.springframework.boot.test.context.SpringBootTestContextCustomizer@52be289, org.springframework.boot.test.context.filter.ExcludeFilterContextCustomizer@8cacd2c, org.springframework.boot.test.json.DuplicateJsonObjectContextCustomizerFactory$DuplicateJsonObjectContextCustomizer@5a16d58c, org.springframework.boot.test.mock.mockito.MockitoContextCustomizer@0, org.springframework.boot.test.web.reactive.WebTestClientContextCustomizer@61751ad1], contextLoader = 'org.springframework.boot.test.context.SpringBootContextLoader', parent = [null]], attributes = map[[empty]]], class annotated with @DirtiesContext [false] with mode [null].
17:18:46.597 [Test worker] DEBUG org.springframework.test.annotation.ProfileValueUtils - Retrieved @ProfileValueSourceConfiguration [null] for test class [com.greglturnquist.learningspringboot.LearningSpringBootApplicationTests]
17:18:46.597 [Test worker] DEBUG org.springframework.test.annotation.ProfileValueUtils - Retrieved ProfileValueSource type [class org.springframework.test.annotation.SystemProfileValueSource] for class [com.greglturnquist.learningspringboot.LearningSpringBootApplicationTests]
17:18:46.598 [Test worker] DEBUG org.springframework.test.context.support.DependencyInjectionTestExecutionListener - Performing dependency injection for test context [[DefaultTestContext@62622b85 testClass = LearningSpringBootApplicationTests, testInstance = com.greglturnquist.learningspringboot.LearningSpringBootApplicationTests@27f8323e, testMethod = [null], testException = [null], mergedContextConfiguration = [ReactiveWebMergedContextConfiguration@3e8bff73 testClass = LearningSpringBootApplicationTests, locations = '{}', classes = '{class com.greglturnquist.learningspringboot.LearningSpringBootApplication}', contextInitializerClasses = '[]', activeProfiles = '{}', propertySourceLocations = '{}', propertySourceProperties = '{org.springframework.boot.test.context.SpringBootTestContextBootstrapper=true}', contextCustomizers = set[org.springframework.boot.test.autoconfigure.properties.PropertyMappingContextCustomizer@0, org.springframework.boot.test.autoconfigure.web.servlet.WebDriverContextCustomizerFactory$Customizer@21c4b34e, org.springframework.boot.test.context.SpringBootTestContextCustomizer@52be289, org.springframework.boot.test.context.filter.ExcludeFilterContextCustomizer@8cacd2c, org.springframework.boot.test.json.DuplicateJsonObjectContextCustomizerFactory$DuplicateJsonObjectContextCustomizer@5a16d58c, org.springframework.boot.test.mock.mockito.MockitoContextCustomizer@0, org.springframework.boot.test.web.reactive.WebTestClientContextCustomizer@61751ad1], contextLoader = 'org.springframework.boot.test.context.SpringBootContextLoader', parent = [null]], attributes = map[[empty]]]].
17:18:46.615 [Test worker] DEBUG org.springframework.core.env.StandardEnvironment - Adding PropertySource 'systemProperties' with lowest search precedence
17:18:46.616 [Test worker] DEBUG org.springframework.core.env.StandardEnvironment - Adding PropertySource 'systemEnvironment' with lowest search precedence
17:18:46.616 [Test worker] DEBUG org.springframework.core.env.StandardEnvironment - Initialized StandardEnvironment with PropertySources [MapPropertySource@139930856 {name='systemProperties', properties={java.runtime.name=OpenJDK Runtime Environment, sun.boot.library.path=C:\Users\Pranav\.jdks\temurin-1.8.0_345\jre\bin, java.vm.version=25.345-b01, java.vm.vendor=Temurin, java.vendor.url=https://adoptium.net/, path.separator=;, java.vm.name=OpenJDK 64-Bit Server VM, file.encoding.pkg=sun.io, user.script=, sun.java.launcher=SUN_STANDARD, user.country=IN, sun.os.patch.level=, java.vm.specification.name=Java Virtual Machine Specification, user.dir=D:\programming\spring\book-spring-boot-2.0\Learning-Spring-Boot-2.0-Second-Edition\Chapter01\part1, java.runtime.version=1.8.0_345-b01, java.awt.graphicsenv=sun.awt.Win32GraphicsEnvironment, java.endorsed.dirs=C:\Users\Pranav\.jdks\temurin-1.8.0_345\jre\lib\endorsed, os.arch=amd64, java.io.tmpdir=C:\Users\Pranav\AppData\Local\Temp\, line.separator=
, java.vm.specification.vendor=Oracle Corporation, user.variant=, os.name=Windows 10, sun.jnu.encoding=Cp1252, java.library.path=C:\Users\Pranav\.jdks\temurin-1.8.0_345\bin;C:\Windows\Sun\Java\bin;C:\Windows\system32;C:\Windows;C:\Program Files\Common Files\Oracle\Java\javapath;C:\Program Files (x86)\Common Files\Oracle\Java\javapath;C:\Users\Pranav\Documents\Visual Studio\Aafter2020\Python\Scripts\;C:\Users\Pranav\Documents\Visual Studio\Aafter2020\Python\;C:\Windows\system32;C:\Windows;C:\Windows\System32\Wbem;C:\Windows\System32\WindowsPowerShell\v1.0\;C:\Windows\System32\OpenSSH\;C:\Program Files (x86)\AOMEI\AOMEI Backupper 6.5.0;C:\Program Files (x86)\dotnet\;C:\Program Files\nodejs\;C:\Program Files\Git\cmd;C:\Users\Pranav\AppData\Local\Programs\Python\Python39\Scripts\;C:\Users\Pranav\AppData\Local\Programs\Python\Python39\;C:\Users\Pranav\AppData\Local\Microsoft\WindowsApps;C:\Users\Pranav\AppData\Local\Programs\Microsoft VS Code\bin;C:\Users\Pranav\AppData\Local\GitHubDesktop\bin;C:\Program Files (x86)\mingw-w64\i686-8.1.0-posix-dwarf-rt_v6-rev0\mingw32\bin;C:\Users\Pranav\AppData\Local\atom\bin;C:\Users\Pranav\AppData\Roaming\npm;., java.specification.name=Java Platform API Specification, java.class.version=52.0, org.gradle.native=false, sun.management.compiler=HotSpot 64-Bit Tiered Compilers, os.version=10.0, user.home=C:\Users\Pranav, user.timezone=Asia/Calcutta, java.awt.printerjob=sun.awt.windows.WPrinterJob, file.encoding=windows-1252, java.specification.version=1.8, java.class.path=D:\programming\spring\book-spring-boot-2.0\Learning-Spring-Boot-2.0-Second-Edition\Chapter01\part1\build\classes\java\test;D:\programming\spring\book-spring-boot-2.0\Learning-Spring-Boot-2.0-Second-Edition\Chapter01\part1\build\resources\test;D:\programming\spring\book-spring-boot-2.0\Learning-Spring-Boot-2.0-Second-Edition\Chapter01\part1\build\classes\java\main;D:\programming\spring\book-spring-boot-2.0\Learning-Spring-Boot-2.0-Second-Edition\Chapter01\part1\build\resources\main;C:\Users\Pranav\.gradle\caches\modules-2\files-2.1\org.springframework.boot\spring-boot-starter-data-mongodb-reactive\2.0.0.M5\8fc8ed224bea46fa30177ed588e022adaab54b7c\spring-boot-starter-data-mongodb-reactive-2.0.0.M5.jar;C:\Users\Pranav\.gradle\caches\modules-2\files-2.1\org.springframework.boot\spring-boot-starter-thymeleaf\2.0.0.M5\acb11420e4cb7867056f648a8ff607288db4ad1d\spring-boot-starter-thymeleaf-2.0.0.M5.jar;C:\Users\Pranav\.gradle\caches\modules-2\files-2.1\org.springframework.boot\spring-boot-starter-webflux\2.0.0.M5\f13a0a616b4ef2710feb050b03104818b3febb76\spring-boot-starter-webflux-2.0.0.M5.jar;C:\Users\Pranav\.gradle\caches\modules-2\files-2.1\org.projectlombok\lombok\1.16.18\557d13dcb647038dc687390711ccb5c9b3ffbd60\lombok-1.16.18.jar;C:\Users\Pranav\.gradle\caches\modules-2\files-2.1\de.flapdoodle.embed\de.flapdoodle.embed.mongo\2.0.0\a2a38b016f42e82ba5842287c71132b328fea60f\de.flapdoodle.embed.mongo-2.0.0.jar;C:\Users\Pranav\.gradle\caches\modules-2\files-2.1\org.springframework.boot\spring-boot-starter-test\2.0.0.M5\99cf8b580f1b164faec0ec45d465fd1a8e4c2904\spring-boot-starter-test-2.0.0.M5.jar;C:\Users\Pranav\.gradle\caches\modules-2\files-2.1\org.springframework.boot\spring-boot-starter-json\2.0.0.M5\b9a48a0ea21bce60a71011f85e4494b70e0f1f03\spring-boot-starter-json-2.0.0.M5.jar;C:\Users\Pranav\.gradle\caches\modules-2\files-2.1\org.springframework.boot\spring-boot-starter\2.0.0.M5\43635ad065765d9e9bfdbf7009d8961e1d852a4c\spring-boot-starter-2.0.0.M5.jar;C:\Users\Pranav\.gradle\caches\modules-2\files-2.1\org.springframework.data\spring-data-mongodb\2.0.0.RELEASE\df929fd06e74f0f4751a99883403e0487ea3431b\spring-data-mongodb-2.0.0.RELEASE.jar;C:\Users\Pranav\.gradle\caches\modules-2\files-2.1\org.mongodb\mongodb-driver\3.5.0\9d6e31e3073aa8c999ba609aa76185e46f226bdb\mongodb-driver-3.5.0.jar;C:\Users\Pranav\.gradle\caches\modules-2\files-2.1\org.mongodb\mongodb-driver-reactivestreams\1.6.0\b1aa90e18b3d78c9514cb98277de3107350221ff\mongodb-driver-reactivestreams-1.6.0.jar;C:\Users\Pranav\.gradle\caches\modules-2\files-2.1\org.mongodb\mongodb-driver-async\3.5.0\a5aa49e9aceded0e0c05d406e0a5e1ce924a70fc\mongodb-driver-async-3.5.0.jar;C:\Users\Pranav\.gradle\caches\modules-2\files-2.1\org.springframework\spring-webflux\5.0.0.RELEASE\fa220fc82bc29c40f534fc1c568b778f7cac6051\spring-webflux-5.0.0.RELEASE.jar;C:\Users\Pranav\.gradle\caches\modules-2\files-2.1\org.springframework.boot\spring-boot-starter-reactor-netty\2.0.0.M5\69a91b065abe884b77c41a69f5dade263a353e8a\spring-boot-starter-reactor-netty-2.0.0.M5.jar;C:\Users\Pranav\.gradle\caches\modules-2\files-2.1\io.projectreactor.ipc\reactor-netty\0.7.0.RELEASE\2b5e0b008358a47c4b15c4215b76a5f7e5bd7ccb\reactor-netty-0.7.0.RELEASE.jar;C:\Users\Pranav\.gradle\caches\modules-2\files-2.1\io.projectreactor\reactor-core\3.1.0.RELEASE\f584a224eb7059a9a4284920b46ce7113bc5a2f3\reactor-core-3.1.0.RELEASE.jar;C:\Users\Pranav\.gradle\caches\modules-2\files-2.1\org.thymeleaf\thymeleaf-spring5\3.0.8.RELEASE\7157ef59652cc8d0a0142f8e8a3b621bf5879560\thymeleaf-spring5-3.0.8.RELEASE.jar;C:\Users\Pranav\.gradle\caches\modules-2\files-2.1\org.thymeleaf.extras\thymeleaf-extras-java8time\3.0.1.RELEASE\d23760d1e53cd70c489ef40dc94ee6bd2371cceb\thymeleaf-extras-java8time-3.0.1.RELEASE.jar;C:\Users\Pranav\.gradle\caches\modules-2\files-2.1\org.hibernate.validator\hibernate-validator\6.0.2.Final\41c0d6a3ce1298b09a9ddb944bd251c8d1345b5c\hibernate-validator-6.0.2.Final.jar;C:\Users\Pranav\.gradle\caches\modules-2\files-2.1\org.springframework\spring-web\5.0.0.RELEASE\f5c2d9d5668534c308a1ca4eda070cd01320af65\spring-web-5.0.0.RELEASE.jar;C:\Users\Pranav\.gradle\caches\modules-2\files-2.1\org.synchronoss.cloud\nio-multipart-parser\1.1.0\c6c417fec6612584b1c34d4dd98c5a4e47e8c754\nio-multipart-parser-1.1.0.jar;C:\Users\Pranav\.gradle\caches\modules-2\files-2.1\de.flapdoodle.embed\de.flapdoodle.embed.process\2.0.1\116a63e9f0f498b2375f4f6e7cd9e2fd8abe9a5f\de.flapdoodle.embed.process-2.0.1.jar;C:\Users\Pranav\.gradle\caches\modules-2\files-2.1\org.springframework.boot\spring-boot-test-autoconfigure\2.0.0.M5\7b249ede1134de624ccac65833d8bc9d30bc07ce\spring-boot-test-autoconfigure-2.0.0.M5.jar;C:\Users\Pranav\.gradle\caches\modules-2\files-2.1\org.springframework.boot\spring-boot-test\2.0.0.M5\2851cc485015f560d11054013fa77b39829c08a\spring-boot-test-2.0.0.M5.jar;C:\Users\Pranav\.gradle\caches\modules-2\files-2.1\com.jayway.jsonpath\json-path\2.4.0\765a4401ceb2dc8d40553c2075eb80a8fa35c2ae\json-path-2.4.0.jar;C:\Users\Pranav\.gradle\caches\modules-2\files-2.1\junit\junit\4.12\2973d150c0dc1fefe998f834810d68f278ea58ec\junit-4.12.jar;C:\Users\Pranav\.gradle\caches\modules-2\files-2.1\org.assertj\assertj-core\3.8.0\b209d90ff2e279bee3e02547ee7b11349c52d0e3\assertj-core-3.8.0.jar;C:\Users\Pranav\.gradle\caches\modules-2\files-2.1\org.mockito\mockito-core\2.10.0\871efe6f2607d8c93dd25b8c1fa09851d4286dd6\mockito-core-2.10.0.jar;C:\Users\Pranav\.gradle\caches\modules-2\files-2.1\org.hamcrest\hamcrest-library\1.3\4785a3c21320980282f9f33d0d1264a69040538f\hamcrest-library-1.3.jar;C:\Users\Pranav\.gradle\caches\modules-2\files-2.1\org.hamcrest\hamcrest-core\1.3\42a25dc3219429f0e5d060061f71acb49bf010a0\hamcrest-core-1.3.jar;C:\Users\Pranav\.gradle\caches\modules-2\files-2.1\org.skyscreamer\jsonassert\1.5.0\6c9d5fe2f59da598d9aefc1cfc6528ff3cf32df3\jsonassert-1.5.0.jar;C:\Users\Pranav\.gradle\caches\modules-2\files-2.1\org.springframework\spring-test\5.0.0.RELEASE\f39db690694a902197866df3c89ac277605b63c4\spring-test-5.0.0.RELEASE.jar;C:\Users\Pranav\.gradle\caches\modules-2\files-2.1\org.springframework.boot\spring-boot-autoconfigure\2.0.0.M5\975d5afb6a8dee42650842c5821d905657747bbc\spring-boot-autoconfigure-2.0.0.M5.jar;C:\Users\Pranav\.gradle\caches\modules-2\files-2.1\org.springframework.boot\spring-boot\2.0.0.M5\31de735c7a77fa2961185d48ce66570d74f656ae\spring-boot-2.0.0.M5.jar;C:\Users\Pranav\.gradle\caches\modules-2\files-2.1\org.springframework\spring-tx\5.0.0.RELEASE\359eb5245c54257085b9eb2fc11c68dde3325d7\spring-tx-5.0.0.RELEASE.jar;C:\Users\Pranav\.gradle\caches\modules-2\files-2.1\org.springframework\spring-context\5.0.0.RELEASE\bf5165fcd47f582f9addcd2a41424b08ea00d880\spring-context-5.0.0.RELEASE.jar;C:\Users\Pranav\.gradle\caches\modules-2\files-2.1\org.springframework.data\spring-data-commons\2.0.0.RELEASE\b97dad2d501c2baf49b497733bb19f7a05d52142\spring-data-commons-2.0.0.RELEASE.jar;C:\Users\Pranav\.gradle\caches\modules-2\files-2.1\org.springframework\spring-aop\5.0.0.RELEASE\717d06b89e32f51f329094f709662f8414c0843f\spring-aop-5.0.0.RELEASE.jar;C:\Users\Pranav\.gradle\caches\modules-2\files-2.1\org.springframework\spring-beans\5.0.0.RELEASE\6f95f071cfe29a84661648e5445dcb054be0cfa7\spring-beans-5.0.0.RELEASE.jar;C:\Users\Pranav\.gradle\caches\modules-2\files-2.1\org.springframework\spring-expression\5.0.0.RELEASE\48cdf1b2ea2a510c731e5e08f75299e3cb8e9d68\spring-expression-5.0.0.RELEASE.jar;C:\Users\Pranav\.gradle\caches\modules-2\files-2.1\org.springframework\spring-core\5.0.0.RELEASE\3a9bb910e8943b5ef59b193a1621daba46456ca9\spring-core-5.0.0.RELEASE.jar;C:\Users\Pranav\.gradle\caches\modules-2\files-2.1\org.xmlunit\xmlunit-core\2.5.0\7464e446df1051ac5196ffd2c28ee903a1104133\xmlunit-core-2.5.0.jar;C:\Users\Pranav\.gradle\caches\modules-2\files-2.1\org.springframework.boot\spring-boot-starter-logging\2.0.0.M5\ed3e13b588ee8ec5b43b4bbc9f9880a412c4b026\spring-boot-starter-logging-2.0.0.M5.jar;C:\Users\Pranav\.gradle\caches\modules-2\files-2.1\javax.annotation\javax.annotation-api\1.3.1\20a2c0583598d68b0835474bbe07792d4f3b219f\javax.annotation-api-1.3.1.jar;C:\Users\Pranav\.gradle\caches\modules-2\files-2.1\org.yaml\snakeyaml\1.18\e4a441249ade301985cb8d009d4e4a72b85bf68e\snakeyaml-1.18.jar;C:\Users\Pranav\.gradle\caches\modules-2\files-2.1\org.thymeleaf\thymeleaf\3.0.8.RELEASE\fdd02412f93a58eb5d86fe982702d07eb56df7b7\thymeleaf-3.0.8.RELEASE.jar;C:\Users\Pranav\.gradle\caches\modules-2\files-2.1\org.synchronoss.cloud\nio-stream-storage\1.1.3\986dba5f6e5eed20f0dba6ddc8e8a64a9ebdc2f3\nio-stream-storage-1.1.3.jar;C:\Users\Pranav\.gradle\caches\modules-2\files-2.1\ch.qos.logback\logback-classic\1.2.3\7c4f3c474fb2c041d8028740440937705ebb473a\logback-classic-1.2.3.jar;C:\Users\Pranav\.gradle\caches\modules-2\files-2.1\org.slf4j\jul-to-slf4j\1.7.25\af5364cd6679bfffb114f0dec8a157aaa283b76\jul-to-slf4j-1.7.25.jar;C:\Users\Pranav\.gradle\caches\modules-2\files-2.1\org.slf4j\log4j-over-slf4j\1.7.25\a87bb47468f47ee7aabbd54f93e133d4215769c3\log4j-over-slf4j-1.7.25.jar;C:\Users\Pranav\.gradle\caches\modules-2\files-2.1\org.slf4j\slf4j-api\1.7.25\da76ca59f6a57ee3102f8f9bd9cee742973efa8a\slf4j-api-1.7.25.jar;C:\Users\Pranav\.gradle\caches\modules-2\files-2.1\org.mongodb\mongodb-driver-core\3.5.0\968cbc3dffd79cae1136f751079ad39315d09d99\mongodb-driver-core-3.5.0.jar;C:\Users\Pranav\.gradle\caches\modules-2\files-2.1\org.mongodb\bson\3.5.0\b639bed341c069622c39f14c5ad5bd42b4655337\bson-3.5.0.jar;C:\Users\Pranav\.gradle\caches\modules-2\files-2.1\org.reactivestreams\reactive-streams\1.0.1\1b1c911686eb40179219466e6a59b634b9d7a748\reactive-streams-1.0.1.jar;C:\Users\Pranav\.gradle\caches\modules-2\files-2.1\com.fasterxml.jackson.datatype\jackson-datatype-jdk8\2.9.1\dc5c9b4349c1c18388aa1ec5a9264e6893b732a8\jackson-datatype-jdk8-2.9.1.jar;C:\Users\Pranav\.gradle\caches\modules-2\files-2.1\com.fasterxml.jackson.datatype\jackson-datatype-jsr310\2.9.1\dbac0f60c8ea8c6e6cc6a761c0d8f300296fcf3d\jackson-datatype-jsr310-2.9.1.jar;C:\Users\Pranav\.gradle\caches\modules-2\files-2.1\com.fasterxml.jackson.module\jackson-module-parameter-names\2.9.1\df51ae82d0878f62f7bdcbd47d423e3cde04b3ef\jackson-module-parameter-names-2.9.1.jar;C:\Users\Pranav\.gradle\caches\modules-2\files-2.1\com.fasterxml.jackson.module\jackson-module-kotlin\2.9.1\cf37d75de23b87a664ea0b497b04fc601a783f2a\jackson-module-kotlin-2.9.1.jar;C:\Users\Pranav\.gradle\caches\modules-2\files-2.1\com.fasterxml.jackson.core\jackson-databind\2.9.1\716da1830a2043f18882fc036ec26eb32cbe5aff\jackson-databind-2.9.1.jar;C:\Users\Pranav\.gradle\caches\modules-2\files-2.1\javax.validation\validation-api\2.0.0.Final\4a7ff48084bd336c4de1f79f027f6f77badf399e\validation-api-2.0.0.Final.jar;C:\Users\Pranav\.gradle\caches\modules-2\files-2.1\org.jboss.logging\jboss-logging\3.3.1.Final\c46217ab74b532568c0ed31dc599db3048bd1b67\jboss-logging-3.3.1.Final.jar;C:\Users\Pranav\.gradle\caches\modules-2\files-2.1\com.fasterxml\classmate\1.3.4\3d5f48f10bbe4eb7bd862f10c0583be2e0053c6\classmate-1.3.4.jar;C:\Users\Pranav\.gradle\caches\modules-2\files-2.1\commons-io\commons-io\2.4\b1b6ea3b7e4aa4f492509a4952029cd8e48019ad\commons-io-2.4.jar;C:\Users\Pranav\.gradle\caches\modules-2\files-2.1\org.apache.commons\commons-lang3\3.6\9d28a6b23650e8a7e9063c04588ace6cf7012c17\commons-lang3-3.6.jar;C:\Users\Pranav\.gradle\caches\modules-2\files-2.1\net.java.dev.jna\jna-platform\4.5.0\ab163522ed76eb01c8c9a750dedacb134fc8c0\jna-platform-4.5.0.jar;C:\Users\Pranav\.gradle\caches\modules-2\files-2.1\net.java.dev.jna\jna\4.5.0\55b548d3195efc5280bf1c3f17b49659c54dee40\jna-4.5.0.jar;C:\Users\Pranav\.gradle\caches\modules-2\files-2.1\org.apache.commons\commons-compress\1.10\5eeb27c57eece1faf2d837868aeccc94d84dcc9a\commons-compress-1.10.jar;C:\Users\Pranav\.gradle\caches\modules-2\files-2.1\net.minidev\json-smart\2.3\7396407491352ce4fa30de92efb158adb76b5b\json-smart-2.3.jar;C:\Users\Pranav\.gradle\caches\modules-2\files-2.1\net.bytebuddy\byte-buddy\1.7.6\f79a6ca612ed13038efedbbba1ead83b8d6fe7ec\byte-buddy-1.7.6.jar;C:\Users\Pranav\.gradle\caches\modules-2\files-2.1\net.bytebuddy\byte-buddy-agent\1.7.6\e863f5ab595f480f42d641f22935437e679d4beb\byte-buddy-agent-1.7.6.jar;C:\Users\Pranav\.gradle\caches\modules-2\files-2.1\org.objenesis\objenesis\2.6\639033469776fd37c08358c6b92a4761feb2af4b\objenesis-2.6.jar;C:\Users\Pranav\.gradle\caches\modules-2\files-2.1\com.vaadin.external.google\android-json\0.0.20131108.vaadin1\fa26d351fe62a6a17f5cda1287c1c6110dec413f\android-json-0.0.20131108.vaadin1.jar;C:\Users\Pranav\.gradle\caches\modules-2\files-2.1\org.springframework\spring-jcl\5.0.0.RELEASE\ab0a2114cab7b9e04adf79d812c714f3cbf4abf7\spring-jcl-5.0.0.RELEASE.jar;C:\Users\Pranav\.gradle\caches\modules-2\files-2.1\org.attoparser\attoparser\2.0.4.RELEASE\5cf02c4d8303a81f0c80971bb1dcd40d3ba96009\attoparser-2.0.4.RELEASE.jar;C:\Users\Pranav\.gradle\caches\modules-2\files-2.1\org.unbescape\unbescape\1.1.5.RELEASE\46dc644ea9c234317d926ebac5bf5d8f114dc1ba\unbescape-1.1.5.RELEASE.jar;C:\Users\Pranav\.gradle\caches\modules-2\files-2.1\com.fasterxml.jackson.core\jackson-annotations\2.9.0\7c10d545325e3a6e72e06381afe469fd40eb701\jackson-annotations-2.9.0.jar;C:\Users\Pranav\.gradle\caches\modules-2\files-2.1\com.fasterxml.jackson.core\jackson-core\2.9.1\60077fe98b11e4e7cf8af9b20609326a166d6ac4\jackson-core-2.9.1.jar;C:\Users\Pranav\.gradle\caches\modules-2\files-2.1\io.netty\netty-handler-proxy\4.1.16.Final\e3007ed3368748ccdc35c1f38c7d6c089768373a\netty-handler-proxy-4.1.16.Final.jar;C:\Users\Pranav\.gradle\caches\modules-2\files-2.1\io.netty\netty-codec-http\4.1.16.Final\d64312378b438dfdad84267c599a053327c6f02a\netty-codec-http-4.1.16.Final.jar;C:\Users\Pranav\.gradle\caches\modules-2\files-2.1\io.netty\netty-handler\4.1.16.Final\fec0e63e7dd7f4eeef7ea8dc47a1ff32dfc7ebc2\netty-handler-4.1.16.Final.jar;C:\Users\Pranav\.gradle\caches\modules-2\files-2.1\io.netty\netty-transport-native-epoll\4.1.16.Final\d3d29837ecb6dc549cc37f9daf6b14bc6cd6c898\netty-transport-native-epoll-4.1.16.Final.jar;C:\Users\Pranav\.gradle\caches\modules-2\files-2.1\net.minidev\accessors-smart\1.2\c592b500269bfde36096641b01238a8350f8aa31\accessors-smart-1.2.jar;C:\Users\Pranav\.gradle\caches\modules-2\files-2.1\ch.qos.logback\logback-core\1.2.3\864344400c3d4d92dfeb0a305dc87d953677c03c\logback-core-1.2.3.jar;C:\Users\Pranav\.gradle\caches\modules-2\files-2.1\io.netty\netty-codec-socks\4.1.16.Final\f42aabfb1dcae4eaf1700f2c2d047eab3c1b8523\netty-codec-socks-4.1.16.Final.jar;C:\Users\Pranav\.gradle\caches\modules-2\files-2.1\io.netty\netty-codec\4.1.16.Final\d84a1f21768b7309c2954521cf5a1f46c2309eb1\netty-codec-4.1.16.Final.jar;C:\Users\Pranav\.gradle\caches\modules-2\files-2.1\io.netty\netty-transport-native-unix-common\4.1.16.Final\8acbda23f39f60478bb73ea7c86e9fe121c13f7b\netty-transport-native-unix-common-4.1.16.Final.jar;C:\Users\Pranav\.gradle\caches\modules-2\files-2.1\io.netty\netty-transport\4.1.16.Final\3c8ee2c4d4a1cbb947a5c184c7aeb2204260958b\netty-transport-4.1.16.Final.jar;C:\Users\Pranav\.gradle\caches\modules-2\files-2.1\io.netty\netty-buffer\4.1.16.Final\63b5fa95c74785e16f2c30ce268bc222e35c8cb5\netty-buffer-4.1.16.Final.jar;C:\Users\Pranav\.gradle\caches\modules-2\files-2.1\io.netty\netty-resolver\4.1.16.Final\f6eb553b53fb3a90a8ac1170697093fed82eae28\netty-resolver-4.1.16.Final.jar;C:\Users\Pranav\.gradle\caches\modules-2\files-2.1\io.netty\netty-common\4.1.16.Final\177a6b30cca92f6f5f9873c9befd681377a4c328\netty-common-4.1.16.Final.jar;C:\Users\Pranav\.gradle\caches\modules-2\files-2.1\org.ow2.asm\asm\5.0.4\da08b8cce7bbf903602a25a3a163ae252435795\asm-5.0.4.jar, user.name=Pranav, java.vm.specification.version=1.8, sun.java.command=worker.org.gradle.process.internal.worker.GradleWorkerMain 'Gradle Test Executor 1', java.home=C:\Users\Pranav\.jdks\temurin-1.8.0_345\jre, sun.arch.data.model=64, user.language=en, java.specification.vendor=Oracle Corporation, awt.toolkit=sun.awt.windows.WToolkit, java.vm.info=mixed mode, java.version=1.8.0_345, java.ext.dirs=C:\Users\Pranav\.jdks\temurin-1.8.0_345\jre\lib\ext;C:\Windows\Sun\Java\lib\ext, sun.boot.class.path=C:\Users\Pranav\.jdks\temurin-1.8.0_345\jre\lib\resources.jar;C:\Users\Pranav\.jdks\temurin-1.8.0_345\jre\lib\rt.jar;C:\Users\Pranav\.jdks\temurin-1.8.0_345\jre\lib\sunrsasign.jar;C:\Users\Pranav\.jdks\temurin-1.8.0_345\jre\lib\jsse.jar;C:\Users\Pranav\.jdks\temurin-1.8.0_345\jre\lib\jce.jar;C:\Users\Pranav\.jdks\temurin-1.8.0_345\jre\lib\charsets.jar;C:\Users\Pranav\.jdks\temurin-1.8.0_345\jre\lib\jfr.jar;C:\Users\Pranav\.jdks\temurin-1.8.0_345\jre\classes, java.vendor=Temurin, org.gradle.test.worker=1, file.separator=\, java.vendor.url.bug=https://github.com/adoptium/adoptium-support/issues, sun.io.unicode.encoding=UnicodeLittle, sun.cpu.endian=little, sun.desktop=windows, sun.cpu.isalist=amd64}}, SystemEnvironmentPropertySource@1874508098 {name='systemEnvironment', properties={USERDOMAIN_ROAMINGPROFILE=DESKTOP-H1LJC8A, LOCALAPPDATA=C:\Users\Pranav\AppData\Local, PROCESSOR_LEVEL=23, USERDOMAIN=DESKTOP-H1LJC8A, FPS_BROWSER_APP_PROFILE_STRING=Internet Explorer, LOGONSERVER=\\DESKTOP-H1LJC8A, SESSIONNAME=Console, ALLUSERSPROFILE=C:\ProgramData, PROCESSOR_ARCHITECTURE=AMD64, PSModulePath=C:\Program Files\WindowsPowerShell\Modules;C:\Windows\system32\WindowsPowerShell\v1.0\Modules, SystemDrive=C:, asl.log=Destination=file, OneDrive=C:\Users\Pranav\OneDrive, APPDATA=C:\Users\Pranav\AppData\Roaming, VBOX_HWVIRTEX_IGNORE_SVM_IN_USE=1, USERNAME=Pranav, PDA_BASE_DIR=C:\SpeedPro Starter\SpeedPro Starter.exe, ProgramFiles(x86)=C:\Program Files (x86), DokanLibrary1=C:\Program Files\Dokan\Dokan Library-1.3.0\, DokanLibrary1_LibraryPath_x64=C:\Program Files\Dokan\Dokan Library-1.3.0\lib\, DokanLibrary1_LibraryPath_x86=C:\Program Files\Dokan\Dokan Library-1.3.0\x86\lib\, CommonProgramFiles=C:\Program Files\Common Files, Path=C:\Program Files\Common Files\Oracle\Java\javapath;C:\Program Files (x86)\Common Files\Oracle\Java\javapath;C:\Users\Pranav\Documents\Visual Studio\Aafter2020\Python\Scripts\;C:\Users\Pranav\Documents\Visual Studio\Aafter2020\Python\;C:\Windows\system32;C:\Windows;C:\Windows\System32\Wbem;C:\Windows\System32\WindowsPowerShell\v1.0\;C:\Windows\System32\OpenSSH\;C:\Program Files (x86)\AOMEI\AOMEI Backupper 6.5.0;C:\Program Files (x86)\dotnet\;C:\Program Files\nodejs\;C:\Program Files\Git\cmd;C:\Users\Pranav\AppData\Local\Programs\Python\Python39\Scripts\;C:\Users\Pranav\AppData\Local\Programs\Python\Python39\;C:\Users\Pranav\AppData\Local\Microsoft\WindowsApps;C:\Users\Pranav\AppData\Local\Programs\Microsoft VS Code\bin;C:\Users\Pranav\AppData\Local\GitHubDesktop\bin;C:\Program Files (x86)\mingw-w64\i686-8.1.0-posix-dwarf-rt_v6-rev0\mingw32\bin;C:\Users\Pranav\AppData\Local\atom\bin;C:\Users\Pranav\AppData\Roaming\npm, FPS_BROWSER_USER_PROFILE_STRING=Default, PATHEXT=.COM;.EXE;.BAT;.CMD;.VBS;.VBE;.JS;.JSE;.WSF;.WSH;.MSC, DriverData=C:\Windows\System32\Drivers\DriverData, OS=Windows_NT, OneDriveConsumer=C:\Users\Pranav\OneDrive, COMPUTERNAME=DESKTOP-H1LJC8A, PROCESSOR_REVISION=1801, CommonProgramW6432=C:\Program Files\Common Files, ComSpec=C:\Windows\system32\cmd.exe, ProgramData=C:\ProgramData, ProgramW6432=C:\Program Files, HOMEPATH=\Users\Pranav, SystemRoot=C:\Windows, TEMP=C:\Users\Pranav\AppData\Local\Temp, HOMEDRIVE=C:, PROCESSOR_IDENTIFIER=AMD64 Family 23 Model 24 Stepping 1, AuthenticAMD, USERPROFILE=C:\Users\Pranav, TMP=C:\Users\Pranav\AppData\Local\Temp, CommonProgramFiles(x86)=C:\Program Files (x86)\Common Files, ProgramFiles=C:\Program Files, PUBLIC=C:\Users\Public, NUMBER_OF_PROCESSORS=4, windir=C:\Windows, =::=::\, IDEA_INITIAL_DIRECTORY=C:\Program Files\JetBrains\IntelliJ IDEA Community Edition 2022.2.1\bin}}]
17:18:46.623 [Test worker] DEBUG org.springframework.test.context.support.TestPropertySourceUtils - Adding inlined properties to environment: {spring.jmx.enabled=false, org.springframework.boot.test.context.SpringBootTestContextBootstrapper=true, server.port=-1}
17:18:46.623 [Test worker] DEBUG org.springframework.core.env.StandardEnvironment - Adding PropertySource 'Inlined Test Properties' with highest search precedence


                                                                              
                                                                              
         :::::::::                                  *                         
      o::::::::::::: .                              o                         
     :::::::::::::           o::o  :: .:::    : ::: :  :. :::     :::: :o .   
    ::::::                  :o   * o::   *:: ::::   :: ::.  ::* :::   :::     
    :::                     :::::  o:     .:*:::   .:: ::    ::.::     ::     
    :::          o              o: o:.    o: ::     :: ::    :: ::    :::     
    *::       o:     o      :::::: o: :::::  ::     :: ::    ::  ::::: ::     
      :o::::.      oo              o:                           ::.  o::      
       o:::::::::::                 :                              ..         
           .:o*                                                               

2022-10-23 17:18:46.929  INFO 5440 --- [    Test worker] c.g.l.LearningSpringBootApplicationTests : Starting LearningSpringBootApplicationTests on DESKTOP-H1LJC8A with PID 5440 (started by Pranav in D:\programming\spring\book-spring-boot-2.0\Learning-Spring-Boot-2.0-Second-Edition\Chapter01\part1)
2022-10-23 17:18:46.930 DEBUG 5440 --- [    Test worker] c.g.l.LearningSpringBootApplicationTests : Running with Spring Boot v2.0.0.M5, Spring v5.0.0.RELEASE
2022-10-23 17:18:46.931  INFO 5440 --- [    Test worker] c.g.l.LearningSpringBootApplicationTests : No active profile set, falling back to default profiles: default
2022-10-23 17:18:46.951  INFO 5440 --- [    Test worker] r.c.GenericReactiveWebApplicationContext : Refreshing org.springframework.boot.web.reactive.context.GenericReactiveWebApplicationContext@7569bfd4: startup date [Sun Oct 23 17:18:46 IST 2022]; root of context hierarchy
2022-10-23 17:18:47.812  WARN 5440 --- [    Test worker] o.h.v.m.ParameterMessageInterpolator     : HV000184: ParameterMessageInterpolator has been chosen, EL interpolation will not be supported
2022-10-23 17:18:48.288  INFO 5440 --- [       Thread-9] o.s.b.a.mongo.embedded.EmbeddedMongo     : note: noprealloc may hurt performance in many applications
2022-10-23 17:18:48.288  INFO 5440 --- [       Thread-9] o.s.b.a.mongo.embedded.EmbeddedMongo     : 2022-10-23T17:18:48.271+0530 I CONTROL  [initandlisten] MongoDB starting : pid=16536 port=54445 dbpath=C:\Users\Pranav\AppData\Local\Temp\embedmongo-db-42389db8-93e3-4af2-9701-5b746dce7614 64-bit host=DESKTOP-H1LJC8A
2022-10-23 17:18:48.289  INFO 5440 --- [       Thread-9] o.s.b.a.mongo.embedded.EmbeddedMongo     : 2022-10-23T17:18:48.272+0530 I CONTROL  [initandlisten] targetMinOS: Windows Vista/Windows Server 2008
2022-10-23 17:18:48.290  INFO 5440 --- [       Thread-9] o.s.b.a.mongo.embedded.EmbeddedMongo     : 2022-10-23T17:18:48.272+0530 I CONTROL  [initandlisten] db version v3.2.2
2022-10-23 17:18:48.291  INFO 5440 --- [       Thread-9] o.s.b.a.mongo.embedded.EmbeddedMongo     : 2022-10-23T17:18:48.272+0530 I CONTROL  [initandlisten] git version: 6e71d0d568e134c029203593b00a0103e7cdf30b
2022-10-23 17:18:48.291  INFO 5440 --- [       Thread-9] o.s.b.a.mongo.embedded.EmbeddedMongo     : 2022-10-23T17:18:48.272+0530 I CONTROL  [initandlisten] allocator: tcmalloc
2022-10-23 17:18:48.292  INFO 5440 --- [       Thread-9] o.s.b.a.mongo.embedded.EmbeddedMongo     : 2022-10-23T17:18:48.272+0530 I CONTROL  [initandlisten] modules: none
2022-10-23 17:18:48.292  INFO 5440 --- [       Thread-9] o.s.b.a.mongo.embedded.EmbeddedMongo     : 2022-10-23T17:18:48.272+0530 I CONTROL  [initandlisten] build environment:
2022-10-23 17:18:48.292  INFO 5440 --- [       Thread-9] o.s.b.a.mongo.embedded.EmbeddedMongo     : 2022-10-23T17:18:48.272+0530 I CONTROL  [initandlisten]     distarch: x86_64
2022-10-23 17:18:48.292  INFO 5440 --- [       Thread-9] o.s.b.a.mongo.embedded.EmbeddedMongo     : 2022-10-23T17:18:48.272+0530 I CONTROL  [initandlisten]     target_arch: x86_64
2022-10-23 17:18:48.292  INFO 5440 --- [       Thread-9] o.s.b.a.mongo.embedded.EmbeddedMongo     : 2022-10-23T17:18:48.272+0530 I CONTROL  [initandlisten] options: { net: { bindIp: "127.0.0.1", http: { enabled: false }, port: 54445 }, security: { authorization: "disabled" }, storage: { dbPath: "C:\Users\Pranav\AppData\Local\Temp\embedmongo-db-42389db8-93e3-4af2-9701-5b746dce7614", journal: { enabled: false }, mmapv1: { preallocDataFiles: false, smallFiles: true }, syncPeriodSecs: 0.0 } }
2022-10-23 17:18:48.292  INFO 5440 --- [       Thread-9] o.s.b.a.mongo.embedded.EmbeddedMongo     : 2022-10-23T17:18:48.273+0530 I STORAGE  [initandlisten] wiredtiger_open config: create,cache_size=8G,session_max=20000,eviction=(threads_max=4),config_base=false,statistics=(fast),log=(enabled=true,archive=true,path=journal,compressor=snappy),file_manager=(close_idle_time=100000),checkpoint=(wait=0,log_size=2GB),statistics_log=(wait=0),,log=(enabled=false),
2022-10-23 17:18:48.310  INFO 5440 --- [       Thread-9] o.s.b.a.mongo.embedded.EmbeddedMongo     : 2022-10-23T17:18:48.310+0530 W STORAGE  [initandlisten] Detected configuration for non-active storage engine mmapv1 when current storage engine is wiredTiger
2022-10-23 17:18:48.316  INFO 5440 --- [       Thread-9] o.s.b.a.mongo.embedded.EmbeddedMongo     : 2022-10-23T17:18:48.316+0530 I NETWORK  [HostnameCanonicalizationWorker] Starting hostname canonicalization worker
2022-10-23 17:18:48.317  INFO 5440 --- [       Thread-9] o.s.b.a.mongo.embedded.EmbeddedMongo     : 2022-10-23T17:18:48.316+0530 I FTDC     [initandlisten] Initializing full-time diagnostic data capture with directory 'C:/Users/Pranav/AppData/Local/Temp/embedmongo-db-42389db8-93e3-4af2-9701-5b746dce7614/diagnostic.data'
2022-10-23 17:18:48.329  INFO 5440 --- [       Thread-9] o.s.b.a.mongo.embedded.EmbeddedMongo     : 2022-10-23T17:18:48.329+0530 I NETWORK  [initandlisten] waiting for connections on port 54445
2022-10-23 17:18:48.330  INFO 5440 --- [    Test worker] d.f.embed.process.runtime.Executable     : start de.flapdoodle.embed.mongo.config.MongodConfigBuilder$ImmutableMongodConfig@7e6d51ec
2022-10-23 17:18:48.590  INFO 5440 --- [    Test worker] org.mongodb.driver.cluster               : Cluster created with settings {hosts=[localhost:54445], mode=MULTIPLE, requiredClusterType=UNKNOWN, serverSelectionTimeout='30000 ms', maxWaitQueueSize=500}
2022-10-23 17:18:48.590  INFO 5440 --- [    Test worker] org.mongodb.driver.cluster               : Adding discovered server localhost:54445 to client view of cluster
2022-10-23 17:18:48.639  INFO 5440 --- [       Thread-9] o.s.b.a.mongo.embedded.EmbeddedMongo     : 2022-10-23T17:18:48.639+0530 I NETWORK  [initandlisten] connection accepted from 127.0.0.1:54447 #1 (1 connection now open)
2022-10-23 17:18:48.659  INFO 5440 --- [localhost:54445] org.mongodb.driver.connection            : Opened connection [connectionId{localValue:1, serverValue:1}] to localhost:54445
2022-10-23 17:18:48.662  INFO 5440 --- [localhost:54445] org.mongodb.driver.cluster               : Monitor thread successfully connected to server with description ServerDescription{address=localhost:54445, type=STANDALONE, state=CONNECTED, ok=true, version=ServerVersion{versionList=[3, 2, 2]}, minWireVersion=0, maxWireVersion=4, maxDocumentSize=16777216, roundTripTimeNanos=721300}
2022-10-23 17:18:48.664  INFO 5440 --- [localhost:54445] org.mongodb.driver.cluster               : Discovered cluster type of STANDALONE
2022-10-23 17:18:48.804  INFO 5440 --- [    Test worker] org.mongodb.driver.cluster               : Cluster created with settings {hosts=[localhost:54445], mode=MULTIPLE, requiredClusterType=UNKNOWN, serverSelectionTimeout='30000 ms', maxWaitQueueSize=500}
2022-10-23 17:18:48.804  INFO 5440 --- [    Test worker] org.mongodb.driver.cluster               : Adding discovered server localhost:54445 to client view of cluster
2022-10-23 17:18:48.823  INFO 5440 --- [       Thread-9] o.s.b.a.mongo.embedded.EmbeddedMongo     : 2022-10-23T17:18:48.823+0530 I NETWORK  [initandlisten] connection accepted from 127.0.0.1:54448 #2 (2 connections now open)
2022-10-23 17:18:48.836  INFO 5440 --- [localhost:54445] org.mongodb.driver.connection            : Opened connection [connectionId{localValue:2, serverValue:2}] to localhost:54445
2022-10-23 17:18:48.837  INFO 5440 --- [localhost:54445] org.mongodb.driver.cluster               : Monitor thread successfully connected to server with description ServerDescription{address=localhost:54445, type=STANDALONE, state=CONNECTED, ok=true, version=ServerVersion{versionList=[3, 2, 2]}, minWireVersion=0, maxWireVersion=4, maxDocumentSize=16777216, roundTripTimeNanos=915400}
2022-10-23 17:18:48.838  INFO 5440 --- [localhost:54445] org.mongodb.driver.cluster               : Discovered cluster type of STANDALONE
2022-10-23 17:18:49.185  WARN 5440 --- [    Test worker] ion$DefaultTemplateResolverConfiguration : Cannot find template location: classpath:/templates/ (please add some templates or check your Thymeleaf configuration)
2022-10-23 17:18:49.251  WARN 5440 --- [    Test worker] o.h.v.m.ParameterMessageInterpolator     : HV000184: ParameterMessageInterpolator has been chosen, EL interpolation will not be supported
2022-10-23 17:18:49.324  INFO 5440 --- [    Test worker] s.w.r.r.m.a.RequestMappingHandlerMapping : Mapped "{[/chapters],methods=[GET]}" onto public reactor.core.publisher.Flux<com.greglturnquist.learningspringboot.Chapter> com.greglturnquist.learningspringboot.ChapterController.listing()
2022-10-23 17:18:49.325  INFO 5440 --- [    Test worker] s.w.r.r.m.a.RequestMappingHandlerMapping : Mapped "{[],methods=[GET]}" onto public java.lang.String com.greglturnquist.learningspringboot.HomeController.greeting(java.lang.String)
2022-10-23 17:18:49.376  INFO 5440 --- [    Test worker] o.s.w.r.handler.SimpleUrlHandlerMapping  : Mapped URL path [/webjars/**] onto handler of type [class org.springframework.web.reactive.resource.ResourceWebHandler]
2022-10-23 17:18:49.376  INFO 5440 --- [    Test worker] o.s.w.r.handler.SimpleUrlHandlerMapping  : Mapped URL path [/**] onto handler of type [class org.springframework.web.reactive.resource.ResourceWebHandler]
2022-10-23 17:18:49.414  INFO 5440 --- [    Test worker] o.s.w.r.r.m.a.ControllerMethodResolver   : Looking for @ControllerAdvice: org.springframework.boot.web.reactive.context.GenericReactiveWebApplicationContext@7569bfd4: startup date [Sun Oct 23 17:18:46 IST 2022]; root of context hierarchy
2022-10-23 17:18:49.748  INFO 5440 --- [       Thread-9] o.s.b.a.mongo.embedded.EmbeddedMongo     : 2022-10-23T17:18:49.748+0530 I NETWORK  [initandlisten] connection accepted from 127.0.0.1:54449 #3 (3 connections now open)
2022-10-23 17:18:49.753  INFO 5440 --- [       Thread-9] o.s.b.a.mongo.embedded.EmbeddedMongo     : 2022-10-23T17:18:49.753+0530 I NETWORK  [initandlisten] connection accepted from 127.0.0.1:54450 #4 (4 connections now open)
2022-10-23 17:18:49.763  INFO 5440 --- [      Thread-15] org.mongodb.driver.connection            : Opened connection [connectionId{localValue:3, serverValue:3}] to localhost:54445
2022-10-23 17:18:49.766  INFO 5440 --- [       Thread-9] o.s.b.a.mongo.embedded.EmbeddedMongo     : 2022-10-23T17:18:49.765+0530 I NETWORK  [initandlisten] connection accepted from 127.0.0.1:54451 #5 (5 connections now open)
2022-10-23 17:18:49.768  INFO 5440 --- [    Test worker] c.g.l.LearningSpringBootApplicationTests : Started LearningSpringBootApplicationTests in 3.136 seconds (JVM running for 4.251)
2022-10-23 17:18:49.780  INFO 5440 --- [      Thread-13] org.mongodb.driver.connection            : Opened connection [connectionId{localValue:4, serverValue:4}] to localhost:54445
2022-10-23 17:18:49.794  INFO 5440 --- [      Thread-14] org.mongodb.driver.connection            : Opened connection [connectionId{localValue:5, serverValue:5}] to localhost:54445
Chapter(id=63552a214dd84b15404dcc80, name=Quick Start with Java)
Chapter(id=63552a214dd84b15404dcc82, name=...and more!)
Chapter(id=63552a214dd84b15404dcc81, name=Reactive Web with Spring Boot)
]]></system-out>
  <system-err><![CDATA[]]></system-err>
</testsuite>
